#
# There is insufficient memory for the Java Runtime Environment to continue.
# Native memory allocation (mmap) failed to map 130023424 bytes. Error detail: G1 virtual space
# Possible reasons:
#   The system is out of physical RAM or swap space
#   This process is running with CompressedOops enabled, and the Java Heap may be blocking the growth of the native heap
# Possible solutions:
#   Reduce memory load on the system
#   Increase physical memory or swap space
#   Check if swap backing store is full
#   Decrease Java heap size (-Xmx/-Xms)
#   Decrease number of Java threads
#   Decrease Java thread stack sizes (-Xss)
#   Set larger code cache with -XX:ReservedCodeCacheSize=
#   JVM is running with Unscaled Compressed Oops mode in which the Java heap is
#     placed in the first 4GB address space. The Java Heap base address is the
#     maximum limit for the native heap growth. Please use -XX:HeapBaseMinAddress
#     to set the Java Heap base and to place the Java Heap above 4GB virtual address.
# This output file may be truncated or incomplete.
#
#  Out of Memory Error (os_windows.cpp:3707), pid=56036, tid=6232
#
# JRE version:  (23.0.2+7) (build )
# Java VM: OpenJDK 64-Bit Server VM (23.0.2+7-58, mixed mode, sharing, tiered, compressed oops, compressed class ptrs, g1 gc, windows-amd64)
# No core dump will be written. Minidumps are not enabled by default on client versions of Windows
#

---------------  S U M M A R Y ------------

Command Line: -javaagent:C:\Program Files\JetBrains\IntelliJ IDEA 2022.2.5\lib\idea_rt.jar=59512:C:\Program Files\JetBrains\IntelliJ IDEA 2022.2.5\bin -Dfile.encoding=UTF-8 -Dsun.stdout.encoding=UTF-8 -Dsun.stderr.encoding=UTF-8 Main

Host: 13th Gen Intel(R) Core(TM) i5-13500T, 20 cores, 7G,  Windows 11 , 64 bit Build 26100 (10.0.26100.2454)
Time: Sat Jan 25 09:51:07 2025 Afr. centrale Ouest elapsed time: 1.274709 seconds (0d 0h 0m 1s)

---------------  T H R E A D  ---------------

Current thread (0x000002a402dbe530):  JavaThread "Unknown thread" [_thread_in_vm, id=6232, stack(0x000000d777c00000,0x000000d777d00000) (1024K)]

Stack: [0x000000d777c00000,0x000000d777d00000]
Native frames: (J=compiled Java code, j=interpreted, Vv=VM code, C=native code)
V  [jvm.dll+0x6e0b99]  (no source info available)
V  [jvm.dll+0x87e2b3]  (no source info available)
V  [jvm.dll+0x88073e]  (no source info available)
V  [jvm.dll+0x880e13]  (no source info available)
V  [jvm.dll+0x27b006]  (no source info available)
V  [jvm.dll+0x6dd485]  (no source info available)
V  [jvm.dll+0x6d127a]  (no source info available)
V  [jvm.dll+0x35b50a]  (no source info available)
V  [jvm.dll+0x363916]  (no source info available)
V  [jvm.dll+0x34fe7e]  (no source info available)
V  [jvm.dll+0x350118]  (no source info available)
V  [jvm.dll+0x328aec]  (no source info available)
V  [jvm.dll+0x32978e]  (no source info available)
V  [jvm.dll+0x8449a5]  (no source info available)
V  [jvm.dll+0x3b9a08]  (no source info available)
V  [jvm.dll+0x82d68c]  (no source info available)
V  [jvm.dll+0x454f2e]  (no source info available)
V  [jvm.dll+0x456db1]  (no source info available)
C  [jli.dll+0x52a3]  (no source info available)
C  [ucrtbase.dll+0x14ea0]  (no source info available)
C  [KERNEL32.DLL+0x2e8d7]  (no source info available)
C  [ntdll.dll+0xdfbcc]  (no source info available)

Lock stack of current Java thread (top to bottom):


---------------  P R O C E S S  ---------------

Threads class SMR info:
_java_thread_list=0x00007fff81704618, length=0, elements={
}

Java Threads: ( => current thread )
Total: 0

Other Threads:
  0x000002a402e16420 WorkerThread "GC Thread#0"                     [id=18316, stack(0x000000d777d00000,0x000000d777e00000) (1024K)]
  0x000002a40096dd30 ConcurrentGCThread "G1 Main Marker"            [id=40908, stack(0x000000d777e00000,0x000000d777f00000) (1024K)]
  0x000002a40096e840 WorkerThread "G1 Conc#0"                       [id=48024, stack(0x000000d777f00000,0x000000d778000000) (1024K)]

[error occurred during error reporting (printing all threads), id 0xc0000005, EXCEPTION_ACCESS_VIOLATION (0xc0000005) at pc=0x00007fff80e4c0da]
VM state: not at safepoint (not fully initialized)

VM Mutex/Monitor currently owned by a thread:  ([mutex/lock_event])
[0x00007fff81784988] Heap_lock - owner thread: 0x000002a402dbe530

Heap address: 0x0000000084c00000, size: 1972 MB, Compressed Oops mode: 32-bit

CDS archive(s) mapped at: [0x0000000000000000-0x0000000000000000-0x0000000000000000), size 0, SharedBaseAddress: 0x0000000800000000, ArchiveRelocationMode: 1.
Narrow klass base: 0x0000000000000000, Narrow klass shift: 0, Narrow klass range: 0x0

GC Precious Log:
 CardTable entry size: 512
 Card Set container configuration: InlinePtr #cards 5 size 8 Array Of Cards #cards 10 size 36 Howl #buckets 4 coarsen threshold 1843 Howl Bitmap #cards 512 size 80 coarsen threshold 460 Card regions per heap region 1 cards per card region 2048

Heap:
 garbage-first heap   total reserved 2019328K, committed 0K, used 0K [0x0000000084c00000, 0x0000000100000000)
  region size 1024K, 0 young (0K), 0 survivors (0K)

[error occurred during error reporting (printing heap information), id 0xc0000005, EXCEPTION_ACCESS_VIOLATION (0xc0000005) at pc=0x00007fff8124c6a9]
GC Heap History (0 events):
No events

Dll operation events (1 events):
Event: 0.012 Loaded shared library C:\Users\Clovis TCHINDA\.jdks\openjdk-23.0.2\bin\java.dll

Deoptimization events (0 events):
No events

Classes loaded (0 events):
No events

Classes unloaded (0 events):
No events

Classes redefined (0 events):
No events

Internal exceptions (0 events):
No events

VM Operations (0 events):
No events

Memory protections (0 events):
No events

Nmethod flushes (0 events):
No events

Events (0 events):
No events


Dynamic libraries:
0x00007ff754b20000 - 0x00007ff754b2e000 	C:\Users\Clovis TCHINDA\.jdks\openjdk-23.0.2\bin\java.exe
0x00007ff86c4e0000 - 0x00007ff86c743000 	C:\WINDOWS\SYSTEM32\ntdll.dll
0x00007ff86ba40000 - 0x00007ff86bb08000 	C:\WINDOWS\System32\KERNEL32.DLL
0x00007ff869e10000 - 0x00007ff86a1c2000 	C:\WINDOWS\System32\KERNELBASE.dll
0x00007ff869b60000 - 0x00007ff869cab000 	C:\WINDOWS\System32\ucrtbase.dll
0x00007ff8556f0000 - 0x00007ff85570b000 	C:\Users\Clovis TCHINDA\.jdks\openjdk-23.0.2\bin\VCRUNTIME140.dll
0x00007ff8556d0000 - 0x00007ff8556e7000 	C:\Users\Clovis TCHINDA\.jdks\openjdk-23.0.2\bin\jli.dll
0x00007ff86c0d0000 - 0x00007ff86c298000 	C:\WINDOWS\System32\USER32.dll
0x00007ff869cb0000 - 0x00007ff869cd7000 	C:\WINDOWS\System32\win32u.dll
0x00007ff86ae60000 - 0x00007ff86ae8a000 	C:\WINDOWS\System32\GDI32.dll
0x00007ff848af0000 - 0x00007ff848d80000 	C:\WINDOWS\WinSxS\amd64_microsoft.windows.common-controls_6595b64144ccf1df_6.0.26100.2454_none_3e0b68a2e331ad60\COMCTL32.dll
0x00007ff86b6c0000 - 0x00007ff86b769000 	C:\WINDOWS\System32\msvcrt.dll
0x00007ff869ce0000 - 0x00007ff869e0b000 	C:\WINDOWS\System32\gdi32full.dll
0x00007ff86a290000 - 0x00007ff86a333000 	C:\WINDOWS\System32\msvcp_win.dll
0x00007ff86c2a0000 - 0x00007ff86c2cf000 	C:\WINDOWS\System32\IMM32.DLL
0x00007ff8612c0000 - 0x00007ff8612cc000 	C:\Users\Clovis TCHINDA\.jdks\openjdk-23.0.2\bin\vcruntime140_1.dll
0x00007ff826100000 - 0x00007ff82618e000 	C:\Users\Clovis TCHINDA\.jdks\openjdk-23.0.2\bin\msvcp140.dll
0x00007fff80b10000 - 0x00007fff81860000 	C:\Users\Clovis TCHINDA\.jdks\openjdk-23.0.2\bin\server\jvm.dll
0x00007ff86bb90000 - 0x00007ff86bc44000 	C:\WINDOWS\System32\ADVAPI32.dll
0x00007ff86c3f0000 - 0x00007ff86c496000 	C:\WINDOWS\System32\sechost.dll
0x00007ff86ae90000 - 0x00007ff86afa6000 	C:\WINDOWS\System32\RPCRT4.dll
0x00007ff86b9c0000 - 0x00007ff86ba34000 	C:\WINDOWS\System32\WS2_32.dll
0x00007ff869740000 - 0x00007ff86978e000 	C:\WINDOWS\SYSTEM32\POWRPROF.dll
0x00007ff856c10000 - 0x00007ff856c1b000 	C:\WINDOWS\SYSTEM32\VERSION.dll
0x00007ff85f670000 - 0x00007ff85f6a6000 	C:\WINDOWS\SYSTEM32\WINMM.dll
0x00007ff869720000 - 0x00007ff869734000 	C:\WINDOWS\SYSTEM32\UMPDC.dll
0x00007ff868650000 - 0x00007ff86866a000 	C:\WINDOWS\SYSTEM32\kernel.appcore.dll
0x00007ff855740000 - 0x00007ff85574a000 	C:\Users\Clovis TCHINDA\.jdks\openjdk-23.0.2\bin\jimage.dll
0x00007ff866fd0000 - 0x00007ff867211000 	C:\WINDOWS\SYSTEM32\DBGHELP.DLL
0x00007ff86bce0000 - 0x00007ff86c05e000 	C:\WINDOWS\System32\combase.dll
0x00007ff86a420000 - 0x00007ff86a4f6000 	C:\WINDOWS\System32\OLEAUT32.dll
0x00007ff84b020000 - 0x00007ff84b059000 	C:\WINDOWS\SYSTEM32\dbgcore.DLL
0x00007ff8698b0000 - 0x00007ff869949000 	C:\WINDOWS\System32\bcryptPrimitives.dll
0x00007ff8556c0000 - 0x00007ff8556cf000 	C:\Users\Clovis TCHINDA\.jdks\openjdk-23.0.2\bin\instrument.dll
0x00007ff855670000 - 0x00007ff85568e000 	C:\Users\Clovis TCHINDA\.jdks\openjdk-23.0.2\bin\java.dll
0x00007ff86aaf0000 - 0x00007ff86ac89000 	C:\WINDOWS\System32\ole32.dll
0x00007ff86afb0000 - 0x00007ff86b6b1000 	C:\WINDOWS\System32\SHELL32.dll

dbghelp: loaded successfully - version: 4.0.5 - missing functions: none
symbol engine: initialized successfully - sym options: 0x614 - pdb path: .;C:\Users\Clovis TCHINDA\.jdks\openjdk-23.0.2\bin;C:\WINDOWS\SYSTEM32;C:\WINDOWS\WinSxS\amd64_microsoft.windows.common-controls_6595b64144ccf1df_6.0.26100.2454_none_3e0b68a2e331ad60;C:\Users\Clovis TCHINDA\.jdks\openjdk-23.0.2\bin\server

VM Arguments:
jvm_args: -javaagent:C:\Program Files\JetBrains\IntelliJ IDEA 2022.2.5\lib\idea_rt.jar=59512:C:\Program Files\JetBrains\IntelliJ IDEA 2022.2.5\bin -Dfile.encoding=UTF-8 -Dsun.stdout.encoding=UTF-8 -Dsun.stderr.encoding=UTF-8 
java_command: Main
java_class_path (initial): D:\PK FOKAM48\ProjetJava2_TFC\out\production\bibliotheque;D:\PK FOKAM48\ProjetJava2_TFC\postgresql-42.7.5.jar;D:\PK FOKAM48\ProjetJava2_TFC\postgresql-42.7.4.jar
Launcher Type: SUN_STANDARD

[Global flags]
     intx CICompilerCount                          = 12                                        {product} {ergonomic}
     uint ConcGCThreads                            = 4                                         {product} {ergonomic}
     uint G1ConcRefinementThreads                  = 15                                        {product} {ergonomic}
   size_t G1HeapRegionSize                         = 1048576                                   {product} {ergonomic}
   size_t InitialHeapSize                          = 130023424                                 {product} {ergonomic}
   size_t MarkStackSize                            = 4194304                                   {product} {ergonomic}
   size_t MarkStackSizeMax                         = 536870912                                 {product} {ergonomic}
   size_t MaxHeapSize                              = 2067791872                                {product} {ergonomic}
   size_t MinHeapDeltaBytes                        = 1048576                                   {product} {ergonomic}
   size_t MinHeapSize                              = 8388608                                   {product} {ergonomic}
    uintx NonNMethodCodeHeapSize                   = 7602176                                {pd product} {ergonomic}
    uintx NonProfiledCodeHeapSize                  = 122093568                              {pd product} {ergonomic}
    uintx ProfiledCodeHeapSize                     = 121962496                              {pd product} {ergonomic}
    uintx ReservedCodeCacheSize                    = 251658240                              {pd product} {ergonomic}
     bool SegmentedCodeCache                       = true                                      {product} {ergonomic}
   size_t SoftMaxHeapSize                          = 2067791872                             {manageable} {ergonomic}
     bool UseCompressedOops                        = true                           {product lp64_product} {ergonomic}
     bool UseG1GC                                  = true                                      {product} {ergonomic}
     bool UseLargePagesIndividualAllocation        = false                                  {pd product} {ergonomic}

Logging:
Log output configuration:
 #0: stdout all=warning uptime,level,tags foldmultilines=false
 #1: stderr all=off uptime,level,tags foldmultilines=false

Environment Variables:
PATH=C:\Program Files\PostgreSQL\14\bin\;C:\Program Files\PostgreSQL\14\lib\;C:\Program Files\apache-maven-3.9.9\bin;C:\Program Files\Java\jdk-1.8\bin;C:\Program Files\Common Files\Oracle\Java\javapath;C:\Program Files (x86)\Common Files\Oracle\Java\java8path;C:\Program Files (x86)\Common Files\Oracle\Java\javapath;C:\Python312\Scripts\;C:\Python312\;C:\Users\Clovis TCHINDA;C:\Program Files\dotnet\;C:\Program Files\Microsoft SQL Server\150\Tools\Binn\;C:\Program Files\Microsoft SQL Server\Client SDK\ODBC\170\Tools\Binn\;C:\Program Files\Git\cmd;C:\Program Files\nodejs\;C:\ProgramData\chocolatey\bin;C:\Windows\System32;C:\Program Files\Java\jre1.8.0_421\bin;C:\Program Files\Redis\;C:\Program Files\PowerShell\7\;C:\Program Files\Java\jdk-22\bin\;;C:\WINDOWS\system32;C:\WINDOWS;C:\WINDOWS\System32\Wbem;C:\WINDOWS\System32\WindowsPowerShell\v1.0\;C:\WINDOWS\System32\OpenSSH\;C:\Program Files\PostgreSQL\14\bin\;C:\Program Files\PostgreSQL\14\lib\;C:\Program Files\Common Files\Oracle\Java\javapath;C:\Program Files (x86)\Common Files\Oracle\Java\javapath;C:\Program Files\Java\jre1.8.0_421\bin\;C:\Program Files\Java\jdk-22\bin\;C:\Program Files\JetBrains\IntelliJ IDEA 2022.2.5\bin;;C:\Users\Clovis TCHINDA\AppData\Local\Programs\Microsoft VS Code\bin;C:\Users\Clovis TCHINDA\.dotnet\tools;C:\Program Files\nodejs;C:\Users\Clovis TCHINDA\AppData\Roaming\npm;C:\Windows\System32;C:\Program Files\JetBrains\IntelliJ IDEA Community Edition 2024.2.2\bin;;C:\Program Files\Java\jdk-1.8\bin;C:\Program Files\apache-maven-3.9.9\bin;C:\Program Files (x86)\Common Files\Oracle\Java\java8path;C:\Program Files\Redis\;;C:\Users\Clovis TCHINDA\AppData\Local\Microsoft\WindowsApps
USERNAME=Clovis TCHINDA
OS=Windows_NT
PROCESSOR_IDENTIFIER=Intel64 Family 6 Model 191 Stepping 2, GenuineIntel
TMP=C:\Users\CLOVIS~1\AppData\Local\Temp
TEMP=C:\Users\CLOVIS~1\AppData\Local\Temp




Periodic native trim disabled

---------------  S Y S T E M  ---------------

OS:
 Windows 11 , 64 bit Build 26100 (10.0.26100.2454)
OS uptime: 7 days 8:11 hours
Hyper-V role detected

CPU: total 20 (initial active 20) (10 cores per cpu, 2 threads per core) family 6 model 191 stepping 2 microcode 0x36, cx8, cmov, fxsr, ht, mmx, 3dnowpref, sse, sse2, sse3, ssse3, sse4.1, sse4.2, popcnt, lzcnt, tsc, tscinvbit, avx, avx2, aes, erms, clmul, bmi1, bmi2, adx, sha, fma, vzeroupper, clflush, clflushopt, clwb, hv, serialize, rdtscp, rdpid, fsrm, gfni, f16c, cet_ibt, cet_ss
Processor Information for processor 0
  Max Mhz: 1600, Current Mhz: 1600, Mhz Limit: 1600
Processor Information for processor 1
  Max Mhz: 1600, Current Mhz: 1600, Mhz Limit: 1600
Processor Information for processor 2
  Max Mhz: 1600, Current Mhz: 1600, Mhz Limit: 1600
Processor Information for processor 3
  Max Mhz: 1600, Current Mhz: 1600, Mhz Limit: 1600
Processor Information for processor 4
  Max Mhz: 1600, Current Mhz: 1600, Mhz Limit: 1600
Processor Information for processor 5
  Max Mhz: 1600, Current Mhz: 1600, Mhz Limit: 1600
Processor Information for processor 6
  Max Mhz: 1600, Current Mhz: 1600, Mhz Limit: 1600
Processor Information for processor 7
  Max Mhz: 1600, Current Mhz: 1600, Mhz Limit: 1600
Processor Information for processor 8
  Max Mhz: 1600, Current Mhz: 1600, Mhz Limit: 1600
Processor Information for processor 9
  Max Mhz: 1600, Current Mhz: 1600, Mhz Limit: 1600
Processor Information for processor 10
  Max Mhz: 1600, Current Mhz: 1600, Mhz Limit: 1600
Processor Information for processor 11
  Max Mhz: 1600, Current Mhz: 1600, Mhz Limit: 1600
Processor Information for processor 12
  Max Mhz: 1600, Current Mhz: 1200, Mhz Limit: 1200
Processor Information for processor 13
  Max Mhz: 1600, Current Mhz: 1200, Mhz Limit: 1200
Processor Information for processor 14
  Max Mhz: 1600, Current Mhz: 1200, Mhz Limit: 1200
Processor Information for processor 15
  Max Mhz: 1600, Current Mhz: 1200, Mhz Limit: 1200
Processor Information for processor 16
  Max Mhz: 1600, Current Mhz: 1200, Mhz Limit: 1200
Processor Information for processor 17
  Max Mhz: 1600, Current Mhz: 1200, Mhz Limit: 1200
Processor Information for processor 18
  Max Mhz: 1600, Current Mhz: 1200, Mhz Limit: 1200
Processor Information for processor 19
  Max Mhz: 1600, Current Mhz: 1200, Mhz Limit: 1200

Memory: 4k page, system-wide physical 7880M (424M free)
TotalPageFile size 32456M (AvailPageFile size 99M)
current process WorkingSet (physical memory assigned to process): 13M, peak: 13M
current process commit charge ("private bytes"): 75M, peak: 199M

vm_info: OpenJDK 64-Bit Server VM (23.0.2+7-58) for windows-amd64 JRE (23.0.2+7-58), built on 2024-11-29T09:34:55Z with MS VC++ 17.6 (VS2022)

END.
